c:\users\gfif\source\repos\opengltry2\opengltry2\x64\debug\vc143.pdb
c:\users\gfif\source\repos\opengltry2\opengltry2\x64\debug\vc143.idb
c:\users\gfif\source\repos\opengltry2\opengltry2\x64\debug\verletobject.obj
c:\users\gfif\source\repos\opengltry2\opengltry2\x64\debug\softbody.obj
c:\users\gfif\source\repos\opengltry2\opengltry2\x64\debug\scene.obj
c:\users\gfif\source\repos\opengltry2\opengltry2\x64\debug\ray.obj
c:\users\gfif\source\repos\opengltry2\opengltry2\x64\debug\polygon.obj
c:\users\gfif\source\repos\opengltry2\opengltry2\x64\debug\particle.obj
c:\users\gfif\source\repos\opengltry2\opengltry2\x64\debug\neuralnetwork.obj
c:\users\gfif\source\repos\opengltry2\opengltry2\x64\debug\line.obj
c:\users\gfif\source\repos\opengltry2\opengltry2\x64\debug\graph.obj
c:\users\gfif\source\repos\opengltry2\opengltry2\x64\debug\bodies.obj
c:\users\gfif\source\repos\opengltry2\opengltry2\x64\debug\ball.obj
c:\users\gfif\source\repos\opengltry2\opengltry2\x64\debug\math.obj
c:\users\gfif\source\repos\opengltry2\opengltry2\x64\debug\engine.obj
c:\users\gfif\source\repos\opengltry2\opengltry2\x64\debug\drawing.obj
c:\users\gfif\source\repos\opengltry2\opengltry2\x64\debug\raycasttoshapes.obj
c:\users\gfif\source\repos\opengltry2\opengltry2\x64\debug\quadtoquad.obj
c:\users\gfif\source\repos\opengltry2\opengltry2\x64\debug\circletoquad.obj
c:\users\gfif\source\repos\opengltry2\opengltry2\x64\debug\balltopolygon.obj
c:\users\gfif\source\repos\opengltry2\opengltry2\x64\debug\balltoline.obj
c:\users\gfif\source\repos\opengltry2\opengltry2\x64\debug\balltoball.obj
c:\users\gfif\source\repos\opengltry2\opengltry2\x64\debug\imgui_impl_opengl3.obj
c:\users\gfif\source\repos\opengltry2\opengltry2\x64\debug\imgui_impl_glfw.obj
c:\users\gfif\source\repos\opengltry2\opengltry2\x64\debug\imgui_draw.obj
c:\users\gfif\source\repos\opengltry2\opengltry2\x64\debug\imgui_demo.obj
c:\users\gfif\source\repos\opengltry2\opengltry2\x64\debug\imgui.obj
c:\users\gfif\source\repos\opengltry2\opengltry2\x64\debug\glm.obj
c:\users\gfif\source\repos\opengltry2\opengltry2\x64\debug\g.obj
c:\users\gfif\source\repos\opengltry2\opengltry2\x64\debug\imgui_widgets.obj
c:\users\gfif\source\repos\opengltry2\opengltry2\x64\debug\imgui_tables.obj
c:\users\gfif\source\repos\opengltry2\opengltry2\x64\debug\text.obj
c:\users\gfif\source\repos\opengltry2\opengltry2\x64\debug\shader.obj
c:\users\gfif\source\repos\opengltry2\opengltry2\x64\debug\strut.obj
c:\users\gfif\source\repos\opengltry2\opengltry2\x64\debug\spring.obj
c:\users\gfif\source\repos\opengltry2\opengltry2\x64\debug\rope.obj
c:\users\gfif\source\repos\opengltry2\opengltry2\x64\debug\alhelpers.obj
c:\users\gfif\source\repos\opengltry2\opengltry2\x64\debug\source.obj
c:\users\gfif\source\repos\opengltry2\x64\debug\engine.pdb
c:\users\gfif\source\repos\opengltry2\opengltry2\x64\debug\engine.tlog\cl.command.1.tlog
c:\users\gfif\source\repos\opengltry2\opengltry2\x64\debug\engine.tlog\cl.read.1.tlog
c:\users\gfif\source\repos\opengltry2\opengltry2\x64\debug\engine.tlog\cl.write.1.tlog
c:\users\gfif\source\repos\opengltry2\opengltry2\x64\debug\engine.tlog\link-cvtres.read.1.tlog
c:\users\gfif\source\repos\opengltry2\opengltry2\x64\debug\engine.tlog\link-cvtres.write.1.tlog
c:\users\gfif\source\repos\opengltry2\opengltry2\x64\debug\engine.tlog\link-rc.read.1.tlog
c:\users\gfif\source\repos\opengltry2\opengltry2\x64\debug\engine.tlog\link-rc.write.1.tlog
c:\users\gfif\source\repos\opengltry2\opengltry2\x64\debug\engine.tlog\link.command.1.tlog
c:\users\gfif\source\repos\opengltry2\opengltry2\x64\debug\engine.tlog\link.read.1.tlog
c:\users\gfif\source\repos\opengltry2\opengltry2\x64\debug\engine.tlog\link.read.2.tlog
c:\users\gfif\source\repos\opengltry2\opengltry2\x64\debug\engine.tlog\link.write.1.tlog
