C:\Program Files\Microsoft Visual Studio\2022\Community\MSBuild\Microsoft\VC\v170\Microsoft.CppBuild.targets(514,5): warning MSB8028: промежуточный каталог (x64\Debug\) содержит файлы, которые используются совместно с другим проектом (opengltry2.vcxproj).  Это может привести к ошибкам очистки и перестроения.
C:\Program Files\Microsoft Visual Studio\2022\Community\MSBuild\Microsoft\VC\v170\Microsoft.CppBuild.targets(1098,5): warning MSB8027: два или более файлов с именем imgui.cpp выводят результаты в одно и то же расположение. Это может стать причиной неверного результата сборки.  Включенные файлы — engine\Libraries\include\imgui\imgui.cpp, Projects\engine\Libraries\include\imgui\imgui.cpp.
C:\Program Files\Microsoft Visual Studio\2022\Community\MSBuild\Microsoft\VC\v170\Microsoft.CppBuild.targets(1098,5): warning MSB8027: два или более файлов с именем imgui_demo.cpp выводят результаты в одно и то же расположение. Это может стать причиной неверного результата сборки.  Включенные файлы — engine\Libraries\include\imgui\imgui_demo.cpp, Projects\engine\Libraries\include\imgui\imgui_demo.cpp.
C:\Program Files\Microsoft Visual Studio\2022\Community\MSBuild\Microsoft\VC\v170\Microsoft.CppBuild.targets(1098,5): warning MSB8027: два или более файлов с именем imgui_draw.cpp выводят результаты в одно и то же расположение. Это может стать причиной неверного результата сборки.  Включенные файлы — engine\Libraries\include\imgui\imgui_draw.cpp, Projects\engine\Libraries\include\imgui\imgui_draw.cpp.
C:\Program Files\Microsoft Visual Studio\2022\Community\MSBuild\Microsoft\VC\v170\Microsoft.CppBuild.targets(1098,5): warning MSB8027: два или более файлов с именем imgui_impl_glfw.cpp выводят результаты в одно и то же расположение. Это может стать причиной неверного результата сборки.  Включенные файлы — engine\Libraries\include\imgui\imgui_impl_glfw.cpp, Projects\engine\Libraries\include\imgui\imgui_impl_glfw.cpp.
C:\Program Files\Microsoft Visual Studio\2022\Community\MSBuild\Microsoft\VC\v170\Microsoft.CppBuild.targets(1098,5): warning MSB8027: два или более файлов с именем imgui_impl_opengl3.cpp выводят результаты в одно и то же расположение. Это может стать причиной неверного результата сборки.  Включенные файлы — engine\Libraries\include\imgui\imgui_impl_opengl3.cpp, Projects\engine\Libraries\include\imgui\imgui_impl_opengl3.cpp.
C:\Program Files\Microsoft Visual Studio\2022\Community\MSBuild\Microsoft\VC\v170\Microsoft.CppBuild.targets(1098,5): warning MSB8027: два или более файлов с именем imgui_tables.cpp выводят результаты в одно и то же расположение. Это может стать причиной неверного результата сборки.  Включенные файлы — engine\Libraries\include\imgui\imgui_tables.cpp, Projects\engine\Libraries\include\imgui\imgui_tables.cpp.
C:\Program Files\Microsoft Visual Studio\2022\Community\MSBuild\Microsoft\VC\v170\Microsoft.CppBuild.targets(1098,5): warning MSB8027: два или более файлов с именем imgui_widgets.cpp выводят результаты в одно и то же расположение. Это может стать причиной неверного результата сборки.  Включенные файлы — engine\Libraries\include\imgui\imgui_widgets.cpp, Projects\engine\Libraries\include\imgui\imgui_widgets.cpp.
C:\Program Files\Microsoft Visual Studio\2022\Community\MSBuild\Microsoft\VC\v170\Microsoft.CppBuild.targets(1098,5): warning MSB8027: два или более файлов с именем glm.cpp выводят результаты в одно и то же расположение. Это может стать причиной неверного результата сборки.  Включенные файлы — engine\Libraries\include\glm\detail\glm.cpp, Projects\engine\Libraries\include\glm\detail\glm.cpp.
  Drawing.cpp
C:\Program Files\Microsoft Visual Studio\2022\Community\VC\Tools\MSVC\14.32.31326\include\strstream(23,24): warning C4996: 'std::_Header_strstream': warning STL4005: <strstream> is deprecated in C++17. You can define _SILENCE_CXX17_STRSTREAM_DEPRECATION_WARNING or _SILENCE_ALL_CXX17_DEPRECATION_WARNINGS to acknowledge that you have received this warning.
C:\Users\gfif\source\repos\opengltry2\opengltry2\engine\Components\Include\Mathematics.h(7,32): warning C4305: инициализация: усечение из "double" в "float"
C:\Users\gfif\source\repos\opengltry2\opengltry2\engine\Components\Cpps\Drawing.cpp(455,74): warning C4244: аргумент: преобразование "GLuint" в "GLfloat", возможна потеря данных
C:\Users\gfif\source\repos\opengltry2\opengltry2\engine\Components\Cpps\Drawing.cpp(455,67): warning C4244: аргумент: преобразование "GLuint" в "GLfloat", возможна потеря данных
C:\Users\gfif\source\repos\opengltry2\opengltry2\engine\Components\Cpps\Drawing.cpp(754,22): warning C4244: =: преобразование "double" в "float", возможна потеря данных
C:\Users\gfif\source\repos\opengltry2\opengltry2\engine\Components\Cpps\Drawing.cpp(988,29): warning C4244: аргумент: преобразование "float" в "int", возможна потеря данных
C:\Users\gfif\source\repos\opengltry2\opengltry2\engine\Components\Cpps\Drawing.cpp(990,29): warning C4244: аргумент: преобразование "float" в "int", возможна потеря данных
C:\Users\gfif\source\repos\opengltry2\opengltry2\engine\Components\Cpps\Drawing.cpp(992,29): warning C4244: аргумент: преобразование "float" в "int", возможна потеря данных
C:\Users\gfif\source\repos\opengltry2\opengltry2\engine\Components\Cpps\Drawing.cpp(994,66): warning C4244: аргумент: преобразование "float" в "int", возможна потеря данных
C:\Users\gfif\source\repos\opengltry2\opengltry2\engine\Components\Cpps\Drawing.cpp(1139,70): warning C4244: аргумент: преобразование "GLuint" в "GLfloat", возможна потеря данных
C:\Users\gfif\source\repos\opengltry2\opengltry2\engine\Components\Cpps\Drawing.cpp(1139,63): warning C4244: аргумент: преобразование "GLuint" в "GLfloat", возможна потеря данных
C:\Users\gfif\source\repos\opengltry2\opengltry2\engine\Components\Cpps\Drawing.cpp(1191,74): warning C4244: аргумент: преобразование "GLuint" в "GLfloat", возможна потеря данных
C:\Users\gfif\source\repos\opengltry2\opengltry2\engine\Components\Cpps\Drawing.cpp(1191,67): warning C4244: аргумент: преобразование "GLuint" в "GLfloat", возможна потеря данных
  Engine.cpp
C:\Program Files\Microsoft Visual Studio\2022\Community\VC\Tools\MSVC\14.32.31326\include\strstream(23,24): warning C4996: 'std::_Header_strstream': warning STL4005: <strstream> is deprecated in C++17. You can define _SILENCE_CXX17_STRSTREAM_DEPRECATION_WARNING or _SILENCE_ALL_CXX17_DEPRECATION_WARNINGS to acknowledge that you have received this warning.
C:\Users\gfif\source\repos\opengltry2\opengltry2\engine\Components\Include\Mathematics.h(7,32): warning C4305: инициализация: усечение из "double" в "float"
C:\Users\gfif\source\repos\opengltry2\opengltry2\engine\Components\Include\Objects.h(2,10): warning C4067: непредвиденные лексемы за директивой препроцессора, требуется newline
C:\Users\gfif\source\repos\opengltry2\opengltry2\engine\Components\Include\Objects.h(3,10): warning C4067: непредвиденные лексемы за директивой препроцессора, требуется newline
C:\Users\gfif\source\repos\opengltry2\opengltry2\engine\Components\Include\Objects.h(4,10): warning C4067: непредвиденные лексемы за директивой препроцессора, требуется newline
C:\Users\gfif\source\repos\opengltry2\opengltry2\engine\Components\Include\Objects.h(5,10): warning C4067: непредвиденные лексемы за директивой препроцессора, требуется newline
C:\Users\gfif\source\repos\opengltry2\opengltry2\engine\Components\Include\Objects.h(6,10): warning C4067: непредвиденные лексемы за директивой препроцессора, требуется newline
C:\Users\gfif\source\repos\opengltry2\opengltry2\engine\Components\Include\Objects.h(7,10): warning C4067: непредвиденные лексемы за директивой препроцессора, требуется newline
C:\Users\gfif\source\repos\opengltry2\opengltry2\engine\Components\Include\Objects.h(8,10): warning C4067: непредвиденные лексемы за директивой препроцессора, требуется newline
C:\Users\gfif\source\repos\opengltry2\opengltry2\engine\Components\Include\Objects.h(11,10): warning C4067: непредвиденные лексемы за директивой препроцессора, требуется newline
C:\Users\gfif\source\repos\opengltry2\opengltry2\engine\Components\Include\Objects.h(12,10): warning C4067: непредвиденные лексемы за директивой препроцессора, требуется newline
C:\Users\gfif\source\repos\opengltry2\opengltry2\engine\Components\Include\Objects.h(13,10): warning C4067: непредвиденные лексемы за директивой препроцессора, требуется newline
C:\Users\gfif\source\repos\opengltry2\opengltry2\engine\Libraries\include\freetype\config\ftheader.h(180,1): warning C4005: FT_FREETYPE_H: изменение макроопределения
C:\Users\gfif\source\repos\opengltry2\opengltry2\engine\Components\Include\Text.h(4): message : см. предыдущее определение "FT_FREETYPE_H"
C:\Users\gfif\source\repos\opengltry2\opengltry2\engine\Components\Engine.h(163,10): warning C4067: непредвиденные лексемы за директивой препроцессора, требуется newline
C:\Users\gfif\source\repos\opengltry2\opengltry2\engine\Components\Engine.h(164,10): warning C4067: непредвиденные лексемы за директивой препроцессора, требуется newline
C:\Users\gfif\source\repos\opengltry2\opengltry2\engine\Components\Include\Objects\Softbody.h(59,31): warning C4244: -=: преобразование "float" в "T", возможна потеря данных
          with
          [
              T=int
          ]
C:\Users\gfif\source\repos\opengltry2\opengltry2\engine\Components\Include\Objects\Softbody.h(61,31): warning C4244: +=: преобразование "float" в "T", возможна потеря данных
          with
          [
              T=int
          ]
C:\Users\gfif\source\repos\opengltry2\opengltry2\engine\Components\Cpps\Engine.cpp(16,16): warning C4244: =: преобразование "double" в "GLfloat", возможна потеря данных
C:\Users\gfif\source\repos\opengltry2\opengltry2\engine\Components\Cpps\Engine.cpp(17,17): warning C4244: =: преобразование "double" в "GLfloat", возможна потеря данных
C:\Users\gfif\source\repos\opengltry2\opengltry2\engine\Components\Cpps\Engine.cpp(194,81): warning C4244: аргумент: преобразование "double" в "GLsizei", возможна потеря данных
C:\Users\gfif\source\repos\opengltry2\opengltry2\engine\Components\Cpps\Engine.cpp(194,52): warning C4244: аргумент: преобразование "double" в "GLsizei", возможна потеря данных
C:\Users\gfif\source\repos\opengltry2\opengltry2\engine\Components\Cpps\Engine.cpp(579,78): warning C4267: аргумент: преобразование из "size_t" в "GLsizei"; возможна потеря данных
C:\Users\gfif\source\repos\opengltry2\opengltry2\engine\Components\Cpps\Engine.cpp(587,80): warning C4267: аргумент: преобразование из "size_t" в "GLsizei"; возможна потеря данных
C:\Users\gfif\source\repos\opengltry2\opengltry2\engine\Components\Cpps\Engine.cpp(647,100): warning C4267: аргумент: преобразование из "size_t" в "GLsizei"; возможна потеря данных
C:\Users\gfif\source\repos\opengltry2\opengltry2\engine\Components\Cpps\Engine.cpp(708,90): warning C4267: аргумент: преобразование из "size_t" в "GLsizei"; возможна потеря данных
C:\Users\gfif\source\repos\opengltry2\opengltry2\engine\Components\Cpps\Engine.cpp(744,92): warning C4267: аргумент: преобразование из "size_t" в "GLsizei"; возможна потеря данных
C:\Users\gfif\source\repos\opengltry2\opengltry2\engine\Components\Cpps\Engine.cpp(804,98): warning C4267: аргумент: преобразование из "size_t" в "GLsizei"; возможна потеря данных
C:\Users\gfif\source\repos\opengltry2\opengltry2\engine\Components\Cpps\Engine.cpp(879,65): warning C4244: аргумент: преобразование "GLuint" в "GLfloat", возможна потеря данных
C:\Users\gfif\source\repos\opengltry2\opengltry2\engine\Components\Cpps\Engine.cpp(879,59): warning C4244: аргумент: преобразование "GLuint" в "GLfloat", возможна потеря данных
C:\Users\gfif\source\repos\opengltry2\opengltry2\engine\Components\Cpps\Engine.cpp(1093,58): warning C4244: аргумент: преобразование "double" в "GLsizei", возможна потеря данных
C:\Users\gfif\source\repos\opengltry2\opengltry2\engine\Components\Cpps\Engine.cpp(1093,29): warning C4244: аргумент: преобразование "double" в "GLsizei", возможна потеря данных
C:\Users\gfif\source\repos\opengltry2\opengltry2\engine\Components\Cpps\Engine.cpp(1102,108): warning C4244: аргумент: преобразование "double" в "GLfloat", возможна потеря данных
C:\Users\gfif\source\repos\opengltry2\opengltry2\engine\Components\Cpps\Engine.cpp(1102,79): warning C4244: аргумент: преобразование "double" в "GLfloat", возможна потеря данных
C:\Users\gfif\source\repos\opengltry2\opengltry2\engine\Components\Cpps\Engine.cpp(1116,54): warning C4244: аргумент: преобразование "double" в "GLsizei", возможна потеря данных
C:\Users\gfif\source\repos\opengltry2\opengltry2\engine\Components\Cpps\Engine.cpp(1116,29): warning C4244: аргумент: преобразование "double" в "GLsizei", возможна потеря данных
C:\Users\gfif\source\repos\opengltry2\opengltry2\engine\Components\Cpps\Engine.cpp(1215,13): warning C4244: =: преобразование "clock_t" в "float", возможна потеря данных
C:\Users\gfif\source\repos\opengltry2\opengltry2\engine\Components\Cpps\Engine.cpp(1218,35): warning C4244: аргумент: преобразование "float" в "unsigned long", возможна потеря данных
C:\Users\gfif\source\repos\opengltry2\opengltry2\engine\Components\Cpps\Engine.cpp(1218,5): warning C4996: '_sleep': This function or variable has been superceded by newer library or operating system functionality. Consider using Sleep instead. See online help for details.
C:\Users\gfif\source\repos\opengltry2\opengltry2\engine\Components\Cpps\Engine.cpp(1240,19): warning C4244: =: преобразование "double" в "int", возможна потеря данных
C:\Users\gfif\source\repos\opengltry2\opengltry2\engine\Components\Cpps\Engine.cpp(1267,10): warning C4244: =: преобразование "double" в "GLfloat", возможна потеря данных
C:\Users\gfif\source\repos\opengltry2\opengltry2\engine\Components\Cpps\Engine.cpp(1268,10): warning C4244: =: преобразование "double" в "GLfloat", возможна потеря данных
  Bodies.cpp
C:\Program Files\Microsoft Visual Studio\2022\Community\VC\Tools\MSVC\14.32.31326\include\strstream(23,24): warning C4996: 'std::_Header_strstream': warning STL4005: <strstream> is deprecated in C++17. You can define _SILENCE_CXX17_STRSTREAM_DEPRECATION_WARNING or _SILENCE_ALL_CXX17_DEPRECATION_WARNINGS to acknowledge that you have received this warning.
C:\Users\gfif\source\repos\opengltry2\opengltry2\engine\Components\Include\Mathematics.h(7,32): warning C4305: инициализация: усечение из "double" в "float"
  Graph.cpp
C:\Program Files\Microsoft Visual Studio\2022\Community\VC\Tools\MSVC\14.32.31326\include\strstream(23,24): warning C4996: 'std::_Header_strstream': warning STL4005: <strstream> is deprecated in C++17. You can define _SILENCE_CXX17_STRSTREAM_DEPRECATION_WARNING or _SILENCE_ALL_CXX17_DEPRECATION_WARNINGS to acknowledge that you have received this warning.
C:\Users\gfif\source\repos\opengltry2\opengltry2\engine\Components\Include\Mathematics.h(7,32): warning C4305: инициализация: усечение из "double" в "float"
C:\Users\gfif\source\repos\opengltry2\opengltry2\engine\Libraries\include\freetype\config\ftheader.h(180,1): warning C4005: FT_FREETYPE_H: изменение макроопределения
C:\Users\gfif\source\repos\opengltry2\opengltry2\engine\Components\Include\Text.h(4): message : см. предыдущее определение "FT_FREETYPE_H"
  NeuralNetwork.cpp
C:\Program Files\Microsoft Visual Studio\2022\Community\VC\Tools\MSVC\14.32.31326\include\strstream(23,24): warning C4996: 'std::_Header_strstream': warning STL4005: <strstream> is deprecated in C++17. You can define _SILENCE_CXX17_STRSTREAM_DEPRECATION_WARNING or _SILENCE_ALL_CXX17_DEPRECATION_WARNINGS to acknowledge that you have received this warning.
C:\Users\gfif\source\repos\opengltry2\opengltry2\engine\Components\Include\Mathematics.h(7,32): warning C4305: инициализация: усечение из "double" в "float"
C:\Users\gfif\source\repos\opengltry2\opengltry2\engine\Components\Cpps\Objects\NeuralNetwork.cpp(564,8): warning C4101: junk: неиспользованная локальная переменная
  Particle.cpp
C:\Program Files\Microsoft Visual Studio\2022\Community\VC\Tools\MSVC\14.32.31326\include\strstream(23,24): warning C4996: 'std::_Header_strstream': warning STL4005: <strstream> is deprecated in C++17. You can define _SILENCE_CXX17_STRSTREAM_DEPRECATION_WARNING or _SILENCE_ALL_CXX17_DEPRECATION_WARNINGS to acknowledge that you have received this warning.
C:\Users\gfif\source\repos\opengltry2\opengltry2\engine\Components\Include\Mathematics.h(7,32): warning C4305: инициализация: усечение из "double" в "float"
C:\Users\gfif\source\repos\opengltry2\opengltry2\engine\Components\Cpps\Objects\Particle.cpp(20,38): warning C4267: return: преобразование из "size_t" в "int"; возможна потеря данных
C:\Users\gfif\source\repos\opengltry2\opengltry2\engine\Components\Cpps\Objects\Particle.cpp(33,36): warning C4267: return: преобразование из "size_t" в "int"; возможна потеря данных
C:\Users\gfif\source\repos\opengltry2\opengltry2\engine\Components\Cpps\Objects\Particle.cpp(42,13): warning C4244: =: преобразование "float" в "int", возможна потеря данных
C:\Users\gfif\source\repos\opengltry2\opengltry2\engine\Components\Cpps\Objects\Particle.cpp(45,32): warning C4267: return: преобразование из "size_t" в "int"; возможна потеря данных
C:\Users\gfif\source\repos\opengltry2\opengltry2\engine\Components\Cpps\Objects\Particle.cpp(54,14): warning C4244: =: преобразование "float" в "int", возможна потеря данных
C:\Users\gfif\source\repos\opengltry2\opengltry2\engine\Components\Cpps\Objects\Particle.cpp(57,35): warning C4267: return: преобразование из "size_t" в "int"; возможна потеря данных
C:\Users\gfif\source\repos\opengltry2\opengltry2\engine\Components\Cpps\Objects\Particle.cpp(65,14): warning C4244: =: преобразование "float" в "int", возможна потеря данных
C:\Users\gfif\source\repos\opengltry2\opengltry2\engine\Components\Cpps\Objects\Particle.cpp(68,34): warning C4267: return: преобразование из "size_t" в "int"; возможна потеря данных
C:\Users\gfif\source\repos\opengltry2\opengltry2\engine\Components\Cpps\Objects\Particle.cpp(78,33): warning C4267: return: преобразование из "size_t" в "int"; возможна потеря данных
C:\Users\gfif\source\repos\opengltry2\opengltry2\engine\Components\Cpps\Objects\Particle.cpp(87,31): warning C4267: return: преобразование из "size_t" в "int"; возможна потеря данных
C:\Users\gfif\source\repos\opengltry2\opengltry2\engine\Components\Cpps\Objects\Particle.cpp(213,19): warning C4244: инициализация: преобразование "int" в "float", возможна потеря данных
C:\Users\gfif\source\repos\opengltry2\opengltry2\engine\Components\Cpps\Objects\Particle.cpp(214,18): warning C4244: инициализация: преобразование "int" в "float", возможна потеря данных
C:\Users\gfif\source\repos\opengltry2\opengltry2\engine\Components\Cpps\Objects\Particle.cpp(238,62): warning C4267: =: преобразование из "size_t" в "int"; возможна потеря данных
C:\Users\gfif\source\repos\opengltry2\opengltry2\engine\Components\Cpps\Objects\Particle.cpp(244,77): warning C4267: =: преобразование из "size_t" в "int"; возможна потеря данных
C:\Users\gfif\source\repos\opengltry2\opengltry2\engine\Components\Cpps\Objects\Particle.cpp(251,58): warning C4267: =: преобразование из "size_t" в "int"; возможна потеря данных
C:\Users\gfif\source\repos\opengltry2\opengltry2\engine\Components\Cpps\Objects\Particle.cpp(257,75): warning C4267: =: преобразование из "size_t" в "int"; возможна потеря данных
C:\Users\gfif\source\repos\opengltry2\opengltry2\engine\Components\Cpps\Objects\Particle.cpp(283,89): warning C4267: =: преобразование из "size_t" в "_Ty"; возможна потеря данных
          with
          [
              _Ty=int
          ]
C:\Users\gfif\source\repos\opengltry2\opengltry2\engine\Components\Cpps\Objects\Particle.cpp(310,82): warning C4267: =: преобразование из "size_t" в "int"; возможна потеря данных
C:\Users\gfif\source\repos\opengltry2\opengltry2\engine\Components\Cpps\Objects\Particle.cpp(316,75): warning C4267: =: преобразование из "size_t" в "int"; возможна потеря данных
C:\Users\gfif\source\repos\opengltry2\opengltry2\engine\Components\Cpps\Objects\Particle.cpp(322,77): warning C4267: =: преобразование из "size_t" в "int"; возможна потеря данных
C:\Users\gfif\source\repos\opengltry2\opengltry2\engine\Components\Cpps\Objects\Particle.cpp(653,5): warning C4267: инициализация: преобразование из "size_t" в "int"; возможна потеря данных
C:\Users\gfif\source\repos\opengltry2\opengltry2\engine\Components\Cpps\Objects\Particle.cpp(971,32): warning C4267: инициализация: преобразование из "size_t" в "int"; возможна потеря данных
C:\Users\gfif\source\repos\opengltry2\opengltry2\engine\Components\Cpps\Objects\Particle.cpp(972,42): warning C4267: инициализация: преобразование из "size_t" в "int"; возможна потеря данных
C:\Users\gfif\source\repos\opengltry2\opengltry2\engine\Components\Cpps\Objects\Particle.cpp(1074,16): warning C4244: инициализация: преобразование "int" в "float", возможна потеря данных
C:\Users\gfif\source\repos\opengltry2\opengltry2\engine\Components\Cpps\Objects\Particle.cpp(1093,15): warning C4244: инициализация: преобразование "int" в "float", возможна потеря данных
  Polygon.cpp
C:\Program Files\Microsoft Visual Studio\2022\Community\VC\Tools\MSVC\14.32.31326\include\strstream(23,24): warning C4996: 'std::_Header_strstream': warning STL4005: <strstream> is deprecated in C++17. You can define _SILENCE_CXX17_STRSTREAM_DEPRECATION_WARNING or _SILENCE_ALL_CXX17_DEPRECATION_WARNINGS to acknowledge that you have received this warning.
C:\Users\gfif\source\repos\opengltry2\opengltry2\engine\Components\Include\Mathematics.h(7,32): warning C4305: инициализация: усечение из "double" в "float"
C:\Users\gfif\source\repos\opengltry2\opengltry2\engine\Components\Include\Objects.h(2,10): warning C4067: непредвиденные лексемы за директивой препроцессора, требуется newline
C:\Users\gfif\source\repos\opengltry2\opengltry2\engine\Components\Include\Objects.h(3,10): warning C4067: непредвиденные лексемы за директивой препроцессора, требуется newline
C:\Users\gfif\source\repos\opengltry2\opengltry2\engine\Components\Include\Objects.h(4,10): warning C4067: непредвиденные лексемы за директивой препроцессора, требуется newline
C:\Users\gfif\source\repos\opengltry2\opengltry2\engine\Components\Include\Objects.h(5,10): warning C4067: непредвиденные лексемы за директивой препроцессора, требуется newline
C:\Users\gfif\source\repos\opengltry2\opengltry2\engine\Components\Include\Objects.h(6,10): warning C4067: непредвиденные лексемы за директивой препроцессора, требуется newline
C:\Users\gfif\source\repos\opengltry2\opengltry2\engine\Components\Include\Objects.h(7,10): warning C4067: непредвиденные лексемы за директивой препроцессора, требуется newline
C:\Users\gfif\source\repos\opengltry2\opengltry2\engine\Components\Include\Objects.h(8,10): warning C4067: непредвиденные лексемы за директивой препроцессора, требуется newline
C:\Users\gfif\source\repos\opengltry2\opengltry2\engine\Components\Include\Objects.h(11,10): warning C4067: непредвиденные лексемы за директивой препроцессора, требуется newline
C:\Users\gfif\source\repos\opengltry2\opengltry2\engine\Components\Include\Objects.h(12,10): warning C4067: непредвиденные лексемы за директивой препроцессора, требуется newline
C:\Users\gfif\source\repos\opengltry2\opengltry2\engine\Components\Include\Objects.h(13,10): warning C4067: непредвиденные лексемы за директивой препроцессора, требуется newline
C:\Users\gfif\source\repos\opengltry2\opengltry2\engine\Components\Cpps\Objects\Polygon.cpp(133,28): warning C4267: =: преобразование из "size_t" в "T"; возможна потеря данных
          with
          [
              T=int
          ]
C:\Users\gfif\source\repos\opengltry2\opengltry2\engine\Components\Cpps\Objects\Polygon.cpp(134,28): warning C4267: =: преобразование из "size_t" в "T"; возможна потеря данных
          with
          [
              T=int
          ]
C:\Users\gfif\source\repos\opengltry2\opengltry2\engine\Components\Cpps\Objects\Polygon.cpp(135,28): warning C4267: =: преобразование из "size_t" в "T"; возможна потеря данных
          with
          [
              T=int
          ]
C:\Users\gfif\source\repos\opengltry2\opengltry2\engine\Components\Cpps\Objects\Polygon.cpp(141,54): warning C4267: =: преобразование из "size_t" в "T"; возможна потеря данных
          with
          [
              T=int
          ]
C:\Users\gfif\source\repos\opengltry2\opengltry2\engine\Components\Cpps\Objects\Polygon.cpp(146,54): warning C4267: =: преобразование из "size_t" в "T"; возможна потеря данных
          with
          [
              T=int
          ]
C:\Users\gfif\source\repos\opengltry2\opengltry2\engine\Components\Cpps\Objects\Polygon.cpp(149,28): warning C4267: =: преобразование из "size_t" в "T"; возможна потеря данных
          with
          [
              T=int
          ]
C:\Users\gfif\source\repos\opengltry2\opengltry2\engine\Components\Cpps\Objects\Polygon.cpp(150,28): warning C4267: =: преобразование из "size_t" в "T"; возможна потеря данных
          with
          [
              T=int
          ]
C:\Users\gfif\source\repos\opengltry2\opengltry2\engine\Components\Cpps\Objects\Polygon.cpp(151,28): warning C4267: =: преобразование из "size_t" в "T"; возможна потеря данных
          with
          [
              T=int
          ]
  Scene.cpp
C:\Program Files\Microsoft Visual Studio\2022\Community\VC\Tools\MSVC\14.32.31326\include\strstream(23,24): warning C4996: 'std::_Header_strstream': warning STL4005: <strstream> is deprecated in C++17. You can define _SILENCE_CXX17_STRSTREAM_DEPRECATION_WARNING or _SILENCE_ALL_CXX17_DEPRECATION_WARNINGS to acknowledge that you have received this warning.
C:\Users\gfif\source\repos\opengltry2\opengltry2\engine\Components\Include\Mathematics.h(7,32): warning C4305: инициализация: усечение из "double" в "float"
C:\Users\gfif\source\repos\opengltry2\opengltry2\engine\Components\Include\Objects.h(2,10): warning C4067: непредвиденные лексемы за директивой препроцессора, требуется newline
C:\Users\gfif\source\repos\opengltry2\opengltry2\engine\Components\Include\Objects.h(3,10): warning C4067: непредвиденные лексемы за директивой препроцессора, требуется newline
C:\Users\gfif\source\repos\opengltry2\opengltry2\engine\Components\Include\Objects.h(4,10): warning C4067: непредвиденные лексемы за директивой препроцессора, требуется newline
C:\Users\gfif\source\repos\opengltry2\opengltry2\engine\Components\Include\Objects.h(5,10): warning C4067: непредвиденные лексемы за директивой препроцессора, требуется newline
C:\Users\gfif\source\repos\opengltry2\opengltry2\engine\Components\Include\Objects.h(6,10): warning C4067: непредвиденные лексемы за директивой препроцессора, требуется newline
C:\Users\gfif\source\repos\opengltry2\opengltry2\engine\Components\Include\Objects.h(7,10): warning C4067: непредвиденные лексемы за директивой препроцессора, требуется newline
C:\Users\gfif\source\repos\opengltry2\opengltry2\engine\Components\Include\Objects.h(8,10): warning C4067: непредвиденные лексемы за директивой препроцессора, требуется newline
C:\Users\gfif\source\repos\opengltry2\opengltry2\engine\Components\Include\Objects.h(11,10): warning C4067: непредвиденные лексемы за директивой препроцессора, требуется newline
C:\Users\gfif\source\repos\opengltry2\opengltry2\engine\Components\Include\Objects.h(12,10): warning C4067: непредвиденные лексемы за директивой препроцессора, требуется newline
C:\Users\gfif\source\repos\opengltry2\opengltry2\engine\Components\Include\Objects.h(13,10): warning C4067: непредвиденные лексемы за директивой препроцессора, требуется newline
C:\Users\gfif\source\repos\opengltry2\opengltry2\engine\Components\Cpps\Objects\Scene.cpp(760,46): warning C4244: аргумент: преобразование "int" в "float", возможна потеря данных
C:\Users\gfif\source\repos\opengltry2\opengltry2\engine\Components\Cpps\Objects\Scene.cpp(772,50): warning C4244: аргумент: преобразование "int" в "float", возможна потеря данных
C:\Users\gfif\source\repos\opengltry2\opengltry2\engine\Components\Cpps\Objects\Scene.cpp(784,52): warning C4244: аргумент: преобразование "int" в "float", возможна потеря данных
C:\Users\gfif\source\repos\opengltry2\opengltry2\engine\Components\Cpps\Objects\Scene.cpp(837,35): warning C4244: аргумент: преобразование "int" в "_Ty", возможна потеря данных
          with
          [
              _Ty=float
          ]
C:\Users\gfif\source\repos\opengltry2\opengltry2\engine\Components\Cpps\Objects\Scene.cpp(1063,110): warning C4244: аргумент: преобразование "unsigned int" в "float", возможна потеря данных
C:\Users\gfif\source\repos\opengltry2\opengltry2\engine\Components\Cpps\Objects\Scene.cpp(1067,110): warning C4244: аргумент: преобразование "unsigned int" в "float", возможна потеря данных
  Rope.cpp
C:\Program Files\Microsoft Visual Studio\2022\Community\VC\Tools\MSVC\14.32.31326\include\strstream(23,24): warning C4996: 'std::_Header_strstream': warning STL4005: <strstream> is deprecated in C++17. You can define _SILENCE_CXX17_STRSTREAM_DEPRECATION_WARNING or _SILENCE_ALL_CXX17_DEPRECATION_WARNINGS to acknowledge that you have received this warning.
C:\Users\gfif\source\repos\opengltry2\opengltry2\engine\Components\Include\Mathematics.h(7,32): warning C4305: инициализация: усечение из "double" в "float"
C:\Users\gfif\source\repos\opengltry2\opengltry2\engine\Components\Include\Objects.h(2,10): warning C4067: непредвиденные лексемы за директивой препроцессора, требуется newline
C:\Users\gfif\source\repos\opengltry2\opengltry2\engine\Components\Include\Objects.h(3,10): warning C4067: непредвиденные лексемы за директивой препроцессора, требуется newline
C:\Users\gfif\source\repos\opengltry2\opengltry2\engine\Components\Include\Objects.h(4,10): warning C4067: непредвиденные лексемы за директивой препроцессора, требуется newline
C:\Users\gfif\source\repos\opengltry2\opengltry2\engine\Components\Include\Objects.h(5,10): warning C4067: непредвиденные лексемы за директивой препроцессора, требуется newline
C:\Users\gfif\source\repos\opengltry2\opengltry2\engine\Components\Include\Objects.h(6,10): warning C4067: непредвиденные лексемы за директивой препроцессора, требуется newline
C:\Users\gfif\source\repos\opengltry2\opengltry2\engine\Components\Include\Objects.h(7,10): warning C4067: непредвиденные лексемы за директивой препроцессора, требуется newline
C:\Users\gfif\source\repos\opengltry2\opengltry2\engine\Components\Include\Objects.h(8,10): warning C4067: непредвиденные лексемы за директивой препроцессора, требуется newline
C:\Users\gfif\source\repos\opengltry2\opengltry2\engine\Components\Include\Objects.h(11,10): warning C4067: непредвиденные лексемы за директивой препроцессора, требуется newline
C:\Users\gfif\source\repos\opengltry2\opengltry2\engine\Components\Include\Objects.h(12,10): warning C4067: непредвиденные лексемы за директивой препроцессора, требуется newline
C:\Users\gfif\source\repos\opengltry2\opengltry2\engine\Components\Include\Objects.h(13,10): warning C4067: непредвиденные лексемы за директивой препроцессора, требуется newline
  Spring.cpp
C:\Program Files\Microsoft Visual Studio\2022\Community\VC\Tools\MSVC\14.32.31326\include\strstream(23,24): warning C4996: 'std::_Header_strstream': warning STL4005: <strstream> is deprecated in C++17. You can define _SILENCE_CXX17_STRSTREAM_DEPRECATION_WARNING or _SILENCE_ALL_CXX17_DEPRECATION_WARNINGS to acknowledge that you have received this warning.
C:\Users\gfif\source\repos\opengltry2\opengltry2\engine\Components\Include\Mathematics.h(7,32): warning C4305: инициализация: усечение из "double" в "float"
C:\Users\gfif\source\repos\opengltry2\opengltry2\engine\Components\Include\Objects.h(2,10): warning C4067: непредвиденные лексемы за директивой препроцессора, требуется newline
C:\Users\gfif\source\repos\opengltry2\opengltry2\engine\Components\Include\Objects.h(3,10): warning C4067: непредвиденные лексемы за директивой препроцессора, требуется newline
C:\Users\gfif\source\repos\opengltry2\opengltry2\engine\Components\Include\Objects.h(4,10): warning C4067: непредвиденные лексемы за директивой препроцессора, требуется newline
C:\Users\gfif\source\repos\opengltry2\opengltry2\engine\Components\Include\Objects.h(5,10): warning C4067: непредвиденные лексемы за директивой препроцессора, требуется newline
C:\Users\gfif\source\repos\opengltry2\opengltry2\engine\Components\Include\Objects.h(6,10): warning C4067: непредвиденные лексемы за директивой препроцессора, требуется newline
C:\Users\gfif\source\repos\opengltry2\opengltry2\engine\Components\Include\Objects.h(7,10): warning C4067: непредвиденные лексемы за директивой препроцессора, требуется newline
C:\Users\gfif\source\repos\opengltry2\opengltry2\engine\Components\Include\Objects.h(8,10): warning C4067: непредвиденные лексемы за директивой препроцессора, требуется newline
C:\Users\gfif\source\repos\opengltry2\opengltry2\engine\Components\Include\Objects.h(11,10): warning C4067: непредвиденные лексемы за директивой препроцессора, требуется newline
C:\Users\gfif\source\repos\opengltry2\opengltry2\engine\Components\Include\Objects.h(12,10): warning C4067: непредвиденные лексемы за директивой препроцессора, требуется newline
C:\Users\gfif\source\repos\opengltry2\opengltry2\engine\Components\Include\Objects.h(13,10): warning C4067: непредвиденные лексемы за директивой препроцессора, требуется newline
C:\Users\gfif\source\repos\opengltry2\opengltry2\engine\Components\Cpps\Physics\Spring.cpp(124,63): warning C4244: аргумент: преобразование "float" в "int", возможна потеря данных
  Strut.cpp
C:\Program Files\Microsoft Visual Studio\2022\Community\VC\Tools\MSVC\14.32.31326\include\strstream(23,24): warning C4996: 'std::_Header_strstream': warning STL4005: <strstream> is deprecated in C++17. You can define _SILENCE_CXX17_STRSTREAM_DEPRECATION_WARNING or _SILENCE_ALL_CXX17_DEPRECATION_WARNINGS to acknowledge that you have received this warning.
C:\Users\gfif\source\repos\opengltry2\opengltry2\engine\Components\Include\Mathematics.h(7,32): warning C4305: инициализация: усечение из "double" в "float"
C:\Users\gfif\source\repos\opengltry2\opengltry2\engine\Components\Include\Objects.h(2,10): warning C4067: непредвиденные лексемы за директивой препроцессора, требуется newline
C:\Users\gfif\source\repos\opengltry2\opengltry2\engine\Components\Include\Objects.h(3,10): warning C4067: непредвиденные лексемы за директивой препроцессора, требуется newline
C:\Users\gfif\source\repos\opengltry2\opengltry2\engine\Components\Include\Objects.h(4,10): warning C4067: непредвиденные лексемы за директивой препроцессора, требуется newline
C:\Users\gfif\source\repos\opengltry2\opengltry2\engine\Components\Include\Objects.h(5,10): warning C4067: непредвиденные лексемы за директивой препроцессора, требуется newline
C:\Users\gfif\source\repos\opengltry2\opengltry2\engine\Components\Include\Objects.h(6,10): warning C4067: непредвиденные лексемы за директивой препроцессора, требуется newline
C:\Users\gfif\source\repos\opengltry2\opengltry2\engine\Components\Include\Objects.h(7,10): warning C4067: непредвиденные лексемы за директивой препроцессора, требуется newline
C:\Users\gfif\source\repos\opengltry2\opengltry2\engine\Components\Include\Objects.h(8,10): warning C4067: непредвиденные лексемы за директивой препроцессора, требуется newline
C:\Users\gfif\source\repos\opengltry2\opengltry2\engine\Components\Include\Objects.h(11,10): warning C4067: непредвиденные лексемы за директивой препроцессора, требуется newline
C:\Users\gfif\source\repos\opengltry2\opengltry2\engine\Components\Include\Objects.h(12,10): warning C4067: непредвиденные лексемы за директивой препроцессора, требуется newline
C:\Users\gfif\source\repos\opengltry2\opengltry2\engine\Components\Include\Objects.h(13,10): warning C4067: непредвиденные лексемы за директивой препроцессора, требуется newline
  Text.cpp
C:\Program Files\Microsoft Visual Studio\2022\Community\VC\Tools\MSVC\14.32.31326\include\strstream(23,24): warning C4996: 'std::_Header_strstream': warning STL4005: <strstream> is deprecated in C++17. You can define _SILENCE_CXX17_STRSTREAM_DEPRECATION_WARNING or _SILENCE_ALL_CXX17_DEPRECATION_WARNINGS to acknowledge that you have received this warning.
C:\Users\gfif\source\repos\opengltry2\opengltry2\engine\Components\Include\Mathematics.h(7,32): warning C4305: инициализация: усечение из "double" в "float"
C:\Users\gfif\source\repos\opengltry2\opengltry2\engine\Libraries\include\freetype\config\ftheader.h(180,1): warning C4005: FT_FREETYPE_H: изменение макроопределения
C:\Users\gfif\source\repos\opengltry2\opengltry2\engine\Components\Include\Text.h(4): message : см. предыдущее определение "FT_FREETYPE_H"
C:\Users\gfif\source\repos\opengltry2\opengltry2\engine\Components\Cpps\Text.cpp(61,24): warning C4838: Преобразование из "FT_Pos" в "GLuint" требует сужающего преобразования.
C:\Users\gfif\source\repos\opengltry2\opengltry2\engine\Components\Cpps\Text.cpp(75,75): warning C4244: =: преобразование "T" в "T", возможна потеря данных
          with
          [
              T=int
          ]
          and
          [
              T=float
          ]
  G.cpp
C:\Program Files\Microsoft Visual Studio\2022\Community\VC\Tools\MSVC\14.32.31326\include\strstream(23,24): warning C4996: 'std::_Header_strstream': warning STL4005: <strstream> is deprecated in C++17. You can define _SILENCE_CXX17_STRSTREAM_DEPRECATION_WARNING or _SILENCE_ALL_CXX17_DEPRECATION_WARNINGS to acknowledge that you have received this warning.
C:\Users\gfif\source\repos\opengltry2\opengltry2\engine\Components\Include\Mathematics.h(7,32): warning C4305: инициализация: усечение из "double" в "float"
C:\Users\gfif\source\repos\opengltry2\opengltry2\engine\Components\Include\Objects.h(2,10): warning C4067: непредвиденные лексемы за директивой препроцессора, требуется newline
C:\Users\gfif\source\repos\opengltry2\opengltry2\engine\Components\Include\Objects.h(3,10): warning C4067: непредвиденные лексемы за директивой препроцессора, требуется newline
C:\Users\gfif\source\repos\opengltry2\opengltry2\engine\Components\Include\Objects.h(4,10): warning C4067: непредвиденные лексемы за директивой препроцессора, требуется newline
C:\Users\gfif\source\repos\opengltry2\opengltry2\engine\Components\Include\Objects.h(5,10): warning C4067: непредвиденные лексемы за директивой препроцессора, требуется newline
C:\Users\gfif\source\repos\opengltry2\opengltry2\engine\Components\Include\Objects.h(6,10): warning C4067: непредвиденные лексемы за директивой препроцессора, требуется newline
C:\Users\gfif\source\repos\opengltry2\opengltry2\engine\Components\Include\Objects.h(7,10): warning C4067: непредвиденные лексемы за директивой препроцессора, требуется newline
C:\Users\gfif\source\repos\opengltry2\opengltry2\engine\Components\Include\Objects.h(8,10): warning C4067: непредвиденные лексемы за директивой препроцессора, требуется newline
C:\Users\gfif\source\repos\opengltry2\opengltry2\engine\Components\Include\Objects.h(11,10): warning C4067: непредвиденные лексемы за директивой препроцессора, требуется newline
C:\Users\gfif\source\repos\opengltry2\opengltry2\engine\Components\Include\Objects.h(12,10): warning C4067: непредвиденные лексемы за директивой препроцессора, требуется newline
C:\Users\gfif\source\repos\opengltry2\opengltry2\engine\Components\Include\Objects.h(13,10): warning C4067: непредвиденные лексемы за директивой препроцессора, требуется newline
C:\Users\gfif\source\repos\opengltry2\opengltry2\engine\Libraries\include\freetype\config\ftheader.h(180,1): warning C4005: FT_FREETYPE_H: изменение макроопределения
C:\Users\gfif\source\repos\opengltry2\opengltry2\engine\Components\Include\Text.h(4): message : см. предыдущее определение "FT_FREETYPE_H"
C:\Users\gfif\source\repos\opengltry2\opengltry2\engine\Components\Engine.h(163,10): warning C4067: непредвиденные лексемы за директивой препроцессора, требуется newline
C:\Users\gfif\source\repos\opengltry2\opengltry2\engine\Components\Engine.h(164,10): warning C4067: непредвиденные лексемы за директивой препроцессора, требуется newline
C:\Users\gfif\source\repos\opengltry2\opengltry2\engine\Components\Include\Objects\Softbody.h(59,31): warning C4244: -=: преобразование "float" в "T", возможна потеря данных
          with
          [
              T=int
          ]
C:\Users\gfif\source\repos\opengltry2\opengltry2\engine\Components\Include\Objects\Softbody.h(61,31): warning C4244: +=: преобразование "float" в "T", возможна потеря данных
          with
          [
              T=int
          ]
  Создание кода...
x64\Debug\glm.obj : warning LNK4042: объект указан более одного раза; лишние не учитываются
x64\Debug\imgui.obj : warning LNK4042: объект указан более одного раза; лишние не учитываются
x64\Debug\imgui_demo.obj : warning LNK4042: объект указан более одного раза; лишние не учитываются
x64\Debug\imgui_draw.obj : warning LNK4042: объект указан более одного раза; лишние не учитываются
x64\Debug\imgui_impl_glfw.obj : warning LNK4042: объект указан более одного раза; лишние не учитываются
x64\Debug\imgui_impl_opengl3.obj : warning LNK4042: объект указан более одного раза; лишние не учитываются
x64\Debug\imgui_tables.obj : warning LNK4042: объект указан более одного раза; лишние не учитываются
x64\Debug\imgui_widgets.obj : warning LNK4042: объект указан более одного раза; лишние не учитываются
glew32s.lib(glew.obj) : warning LNK4099: "glew_static.pdb" PDB не найден с "glew32s.lib(glew.obj)" или на "C:\Users\gfif\source\repos\opengltry2\x64\Debug\glew_static.pdb"; компоновка объекта выполняется как при отсутствии отладочных данных
LINK : warning LNK4098: библиотека по умолчанию "MSVCRT" конфликтует с использованием других библиотек; используйте /NODEFAULTLIB:library
LINK : warning LNK4098: библиотека по умолчанию "LIBCMT" конфликтует с использованием других библиотек; используйте /NODEFAULTLIB:library
  opengltry2.vcxproj -> C:\Users\gfif\source\repos\opengltry2\x64\Debug\Engine.exe
