c:\users\gfif\source\repos\opengltry2\opengltry2\x64\release\vc143.pdb
c:\users\gfif\source\repos\opengltry2\opengltry2\x64\release\imgui_widgets.nativecodeanalysis.sarif
c:\users\gfif\source\repos\opengltry2\opengltry2\x64\release\imgui_widgets.nativecodeanalysis.xml
c:\users\gfif\source\repos\opengltry2\opengltry2\x64\release\imgui_tables.nativecodeanalysis.sarif
c:\users\gfif\source\repos\opengltry2\opengltry2\x64\release\imgui_tables.nativecodeanalysis.xml
c:\users\gfif\source\repos\opengltry2\opengltry2\x64\release\imgui_impl_opengl3.nativecodeanalysis.sarif
c:\users\gfif\source\repos\opengltry2\opengltry2\x64\release\imgui_impl_opengl3.nativecodeanalysis.xml
c:\users\gfif\source\repos\opengltry2\opengltry2\x64\release\imgui_impl_glfw.nativecodeanalysis.sarif
c:\users\gfif\source\repos\opengltry2\opengltry2\x64\release\imgui_impl_glfw.nativecodeanalysis.xml
c:\users\gfif\source\repos\opengltry2\opengltry2\x64\release\imgui_draw.nativecodeanalysis.sarif
c:\users\gfif\source\repos\opengltry2\opengltry2\x64\release\imgui_draw.nativecodeanalysis.xml
c:\users\gfif\source\repos\opengltry2\opengltry2\x64\release\imgui_demo.nativecodeanalysis.sarif
c:\users\gfif\source\repos\opengltry2\opengltry2\x64\release\imgui_demo.nativecodeanalysis.xml
c:\users\gfif\source\repos\opengltry2\opengltry2\x64\release\imgui.nativecodeanalysis.sarif
c:\users\gfif\source\repos\opengltry2\opengltry2\x64\release\imgui.nativecodeanalysis.xml
c:\users\gfif\source\repos\opengltry2\opengltry2\x64\release\glm.nativecodeanalysis.sarif
c:\users\gfif\source\repos\opengltry2\opengltry2\x64\release\glm.nativecodeanalysis.xml
c:\users\gfif\source\repos\opengltry2\opengltry2\x64\release\everythingtest.nativecodeanalysis.sarif
c:\users\gfif\source\repos\opengltry2\opengltry2\x64\release\everythingtest.nativecodeanalysis.xml
c:\users\gfif\source\repos\opengltry2\opengltry2\x64\release\imgui.obj
c:\users\gfif\source\repos\opengltry2\opengltry2\x64\release\imgui_demo.obj
c:\users\gfif\source\repos\opengltry2\opengltry2\x64\release\imgui_draw.obj
c:\users\gfif\source\repos\opengltry2\opengltry2\x64\release\imgui_impl_glfw.obj
c:\users\gfif\source\repos\opengltry2\opengltry2\x64\release\imgui_impl_opengl3.obj
c:\users\gfif\source\repos\opengltry2\opengltry2\x64\release\imgui_tables.obj
c:\users\gfif\source\repos\opengltry2\opengltry2\x64\release\imgui_widgets.obj
c:\users\gfif\source\repos\opengltry2\opengltry2\x64\release\glm.obj
c:\users\gfif\source\repos\opengltry2\opengltry2\x64\release\everythingtest.obj
c:\users\gfif\source\repos\opengltry2\x64\release\opengltry2.exe
c:\users\gfif\source\repos\opengltry2\opengltry2\x64\release\opengltry2.ipdb
c:\users\gfif\source\repos\opengltry2\x64\release\opengltry2.pdb
c:\users\gfif\source\repos\opengltry2\opengltry2\x64\release\opengltry2.iobj
c:\users\gfif\source\repos\opengltry2\opengltry2\x64\release\vc.nativecodeanalysis.all.xml
c:\users\gfif\source\repos\opengltry2\opengltry2\x64\release\opengltry2.tlog\cl.command.1.tlog
c:\users\gfif\source\repos\opengltry2\opengltry2\x64\release\opengltry2.tlog\cl.read.1.tlog
c:\users\gfif\source\repos\opengltry2\opengltry2\x64\release\opengltry2.tlog\cl.write.1.tlog
c:\users\gfif\source\repos\opengltry2\opengltry2\x64\release\opengltry2.tlog\link.command.1.tlog
c:\users\gfif\source\repos\opengltry2\opengltry2\x64\release\opengltry2.tlog\link.read.1.tlog
c:\users\gfif\source\repos\opengltry2\opengltry2\x64\release\opengltry2.tlog\link.write.1.tlog
