c:\users\gfif\source\repos\opengltry2\opengltry2\x64\release\vc143.pdb
c:\users\gfif\source\repos\opengltry2\opengltry2\x64\release\softbody.obj
c:\users\gfif\source\repos\opengltry2\opengltry2\x64\release\imgui_widgets.obj
c:\users\gfif\source\repos\opengltry2\opengltry2\x64\release\imgui_tables.obj
c:\users\gfif\source\repos\opengltry2\opengltry2\x64\release\imgui_impl_opengl3.obj
c:\users\gfif\source\repos\opengltry2\opengltry2\x64\release\imgui_impl_glfw.obj
c:\users\gfif\source\repos\opengltry2\opengltry2\x64\release\imgui_draw.obj
c:\users\gfif\source\repos\opengltry2\opengltry2\x64\release\imgui_demo.obj
c:\users\gfif\source\repos\opengltry2\opengltry2\x64\release\imgui.obj
c:\users\gfif\source\repos\opengltry2\opengltry2\x64\release\glm.obj
c:\users\gfif\source\repos\opengltry2\opengltry2\x64\release\nothillclimbracing.obj
c:\users\gfif\source\repos\opengltry2\opengltry2\x64\release\struttest.obj
c:\users\gfif\source\repos\opengltry2\opengltry2\x64\release\polygonpaint.obj
c:\users\gfif\source\repos\opengltry2\opengltry2\x64\release\engine.ipdb
c:\users\gfif\source\repos\opengltry2\opengltry2\x64\release\engine.iobj
c:\users\gfif\source\repos\opengltry2\x64\release\engine.pdb
c:\users\gfif\source\repos\opengltry2\opengltry2\x64\release\engine.tlog\cl.command.1.tlog
c:\users\gfif\source\repos\opengltry2\opengltry2\x64\release\engine.tlog\cl.read.1.tlog
c:\users\gfif\source\repos\opengltry2\opengltry2\x64\release\engine.tlog\cl.write.1.tlog
c:\users\gfif\source\repos\opengltry2\opengltry2\x64\release\engine.tlog\link.command.1.tlog
c:\users\gfif\source\repos\opengltry2\opengltry2\x64\release\engine.tlog\link.read.1.tlog
c:\users\gfif\source\repos\opengltry2\opengltry2\x64\release\engine.tlog\link.write.1.tlog
