C:\Program Files\Microsoft Visual Studio\2022\Community\MSBuild\Microsoft\VC\v170\Microsoft.CppBuild.targets(531,5): warning MSB8028: промежуточный каталог (x64\Release\) содержит файлы, которые используются совместно с другим проектом (opengltry2.vcxproj).  Это может привести к ошибкам очистки и перестроения.
  UI.cpp
C:\Users\gfif\source\repos\opengltry2\opengltry2\engine\Components\Include\Mathematics.h(7,25): warning C4305: инициализация: усечение из "double" в "float"
C:\Users\gfif\source\repos\opengltry2\opengltry2\engine\Libraries\include\freetype\config\ftheader.h(180,1): warning C4005: FT_FREETYPE_H: изменение макроопределения
C:\Users\gfif\source\repos\opengltry2\opengltry2\engine\Components\Include\Text.h(4,1): message : см. предыдущее определение "FT_FREETYPE_H"
C:\Users\gfif\source\repos\opengltry2\opengltry2\engine\Components\Include\Objects.h(2,10): warning C4067: непредвиденные лексемы за директивой препроцессора, требуется newline
C:\Users\gfif\source\repos\opengltry2\opengltry2\engine\Components\Include\Objects.h(3,10): warning C4067: непредвиденные лексемы за директивой препроцессора, требуется newline
C:\Users\gfif\source\repos\opengltry2\opengltry2\engine\Components\Include\Objects.h(4,10): warning C4067: непредвиденные лексемы за директивой препроцессора, требуется newline
C:\Users\gfif\source\repos\opengltry2\opengltry2\engine\Components\Include\Objects.h(5,10): warning C4067: непредвиденные лексемы за директивой препроцессора, требуется newline
C:\Users\gfif\source\repos\opengltry2\opengltry2\engine\Components\Include\Objects.h(6,10): warning C4067: непредвиденные лексемы за директивой препроцессора, требуется newline
C:\Users\gfif\source\repos\opengltry2\opengltry2\engine\Components\Include\Objects.h(7,10): warning C4067: непредвиденные лексемы за директивой препроцессора, требуется newline
C:\Users\gfif\source\repos\opengltry2\opengltry2\engine\Components\Include\Objects.h(8,10): warning C4067: непредвиденные лексемы за директивой препроцессора, требуется newline
C:\Users\gfif\source\repos\opengltry2\opengltry2\engine\Components\Include\Objects.h(11,10): warning C4067: непредвиденные лексемы за директивой препроцессора, требуется newline
C:\Users\gfif\source\repos\opengltry2\opengltry2\engine\Components\Include\Objects.h(12,10): warning C4067: непредвиденные лексемы за директивой препроцессора, требуется newline
C:\Users\gfif\source\repos\opengltry2\opengltry2\engine\Components\Include\Objects.h(13,10): warning C4067: непредвиденные лексемы за директивой препроцессора, требуется newline
C:\Users\gfif\source\repos\opengltry2\opengltry2\engine\Components\Cpps\UI.cpp(395,10): warning C4244: инициализация: преобразование "double" в "float", возможна потеря данных
C:\Users\gfif\source\repos\opengltry2\opengltry2\engine\Components\Cpps\UI.cpp(435,10): warning C4244: инициализация: преобразование "double" в "float", возможна потеря данных
C:\Users\gfif\source\repos\opengltry2\opengltry2\engine\Components\Cpps\UI.cpp(513,36): warning C4244: аргумент: преобразование "double" в "float", возможна потеря данных
C:\Users\gfif\source\repos\opengltry2\opengltry2\engine\Components\Cpps\UI.cpp(534,14): warning C4244: инициализация: преобразование "int" в "float", возможна потеря данных
C:\Users\gfif\source\repos\opengltry2\opengltry2\engine\Components\Cpps\UI.cpp(558,44): warning C4244: аргумент: преобразование "int" в "float", возможна потеря данных
C:\Users\gfif\source\repos\opengltry2\opengltry2\engine\Components\Cpps\UI.cpp(558,39): warning C4244: аргумент: преобразование "int" в "float", возможна потеря данных
C:\Users\gfif\source\repos\opengltry2\opengltry2\engine\Components\Cpps\UI.cpp(558,18): warning C4244: =: преобразование "float" в "int", возможна потеря данных
C:\Users\gfif\source\repos\opengltry2\opengltry2\engine\Components\Cpps\UI.cpp(574,36): warning C4244: аргумент: преобразование "double" в "float", возможна потеря данных
C:\Users\gfif\source\repos\opengltry2\opengltry2\engine\Components\Cpps\UI.cpp(670,23): warning C4244: =: преобразование "T" в "int", возможна потеря данных
          with
          [
              T=float
          ]
C:\Users\gfif\source\repos\opengltry2\opengltry2\engine\Components\Cpps\UI.cpp(738,35): warning C4267: =: преобразование из "size_t" в "int"; возможна потеря данных
C:\Users\gfif\source\repos\opengltry2\opengltry2\engine\Components\Cpps\UI.cpp(746,45): warning C4267: +=: преобразование из "size_t" в "int"; возможна потеря данных
C:\Users\gfif\source\repos\opengltry2\opengltry2\engine\Components\Cpps\UI.cpp(763,45): warning C4267: +=: преобразование из "size_t" в "int"; возможна потеря данных
C:\Users\gfif\source\repos\opengltry2\opengltry2\engine\Components\Cpps\UI.cpp(788,47): warning C4267: +=: преобразование из "size_t" в "int"; возможна потеря данных
LINK : warning LNK4098: библиотека по умолчанию "LIBCMT" конфликтует с использованием других библиотек; используйте /NODEFAULTLIB:library
  Создание кода
  1 of 4430 functions (<0.1%) were compiled, the rest were copied from previous compilation.
    0 functions were new in current compilation
    46 functions had inline decision re-evaluated but remain unchanged
  Создание кода завершено
glew32s.lib(glew.obj) : warning LNK4099: "" PDB не найден с "glew32s.lib(glew.obj)" или на ""; компоновка объекта выполняется как при отсутствии отладочных данных
freetype.lib(ftbase.obj) : warning LNK4099: "" PDB не найден с "freetype.lib(ftbase.obj)" или на ""; компоновка объекта выполняется как при отсутствии отладочных данных
freetype.lib(ftinit.obj) : warning LNK4099: "" PDB не найден с "freetype.lib(ftinit.obj)" или на ""; компоновка объекта выполняется как при отсутствии отладочных данных
freetype.lib(ftsystem.obj) : warning LNK4099: "" PDB не найден с "freetype.lib(ftsystem.obj)" или на ""; компоновка объекта выполняется как при отсутствии отладочных данных
freetype.lib(autofit.obj) : warning LNK4099: "" PDB не найден с "freetype.lib(autofit.obj)" или на ""; компоновка объекта выполняется как при отсутствии отладочных данных
freetype.lib(truetype.obj) : warning LNK4099: "" PDB не найден с "freetype.lib(truetype.obj)" или на ""; компоновка объекта выполняется как при отсутствии отладочных данных
freetype.lib(type1.obj) : warning LNK4099: "" PDB не найден с "freetype.lib(type1.obj)" или на ""; компоновка объекта выполняется как при отсутствии отладочных данных
freetype.lib(cff.obj) : warning LNK4099: "" PDB не найден с "freetype.lib(cff.obj)" или на ""; компоновка объекта выполняется как при отсутствии отладочных данных
freetype.lib(type1cid.obj) : warning LNK4099: "" PDB не найден с "freetype.lib(type1cid.obj)" или на ""; компоновка объекта выполняется как при отсутствии отладочных данных
freetype.lib(pfr.obj) : warning LNK4099: "" PDB не найден с "freetype.lib(pfr.obj)" или на ""; компоновка объекта выполняется как при отсутствии отладочных данных
freetype.lib(type42.obj) : warning LNK4099: "" PDB не найден с "freetype.lib(type42.obj)" или на ""; компоновка объекта выполняется как при отсутствии отладочных данных
freetype.lib(winfnt.obj) : warning LNK4099: "" PDB не найден с "freetype.lib(winfnt.obj)" или на ""; компоновка объекта выполняется как при отсутствии отладочных данных
freetype.lib(pcf.obj) : warning LNK4099: "" PDB не найден с "freetype.lib(pcf.obj)" или на ""; компоновка объекта выполняется как при отсутствии отладочных данных
freetype.lib(bdf.obj) : warning LNK4099: "" PDB не найден с "freetype.lib(bdf.obj)" или на ""; компоновка объекта выполняется как при отсутствии отладочных данных
freetype.lib(psaux.obj) : warning LNK4099: "" PDB не найден с "freetype.lib(psaux.obj)" или на ""; компоновка объекта выполняется как при отсутствии отладочных данных
freetype.lib(psmodule.obj) : warning LNK4099: "" PDB не найден с "freetype.lib(psmodule.obj)" или на ""; компоновка объекта выполняется как при отсутствии отладочных данных
freetype.lib(pshinter.obj) : warning LNK4099: "" PDB не найден с "freetype.lib(pshinter.obj)" или на ""; компоновка объекта выполняется как при отсутствии отладочных данных
freetype.lib(sfnt.obj) : warning LNK4099: "" PDB не найден с "freetype.lib(sfnt.obj)" или на ""; компоновка объекта выполняется как при отсутствии отладочных данных
freetype.lib(smooth.obj) : warning LNK4099: "" PDB не найден с "freetype.lib(smooth.obj)" или на ""; компоновка объекта выполняется как при отсутствии отладочных данных
freetype.lib(raster.obj) : warning LNK4099: "" PDB не найден с "freetype.lib(raster.obj)" или на ""; компоновка объекта выполняется как при отсутствии отладочных данных
freetype.lib(sdf.obj) : warning LNK4099: "" PDB не найден с "freetype.lib(sdf.obj)" или на ""; компоновка объекта выполняется как при отсутствии отладочных данных
freetype.lib(svg.obj) : warning LNK4099: "" PDB не найден с "freetype.lib(svg.obj)" или на ""; компоновка объекта выполняется как при отсутствии отладочных данных
freetype.lib(ftgzip.obj) : warning LNK4099: "" PDB не найден с "freetype.lib(ftgzip.obj)" или на ""; компоновка объекта выполняется как при отсутствии отладочных данных
freetype.lib(ftlzw.obj) : warning LNK4099: "" PDB не найден с "freetype.lib(ftlzw.obj)" или на ""; компоновка объекта выполняется как при отсутствии отладочных данных
freetype.lib(ftbitmap.obj) : warning LNK4099: "" PDB не найден с "freetype.lib(ftbitmap.obj)" или на ""; компоновка объекта выполняется как при отсутствии отладочных данных
freetype.lib(ftdebug.obj) : warning LNK4099: "" PDB не найден с "freetype.lib(ftdebug.obj)" или на ""; компоновка объекта выполняется как при отсутствии отладочных данных
  opengltry2.vcxproj -> C:\Users\gfif\source\repos\opengltry2\x64\Release\Engine.exe
